[000:000] Browser XEmbed support present: 1
[000:000] Browser toolkit is Gtk2.
[000:001] Using Gtk2 toolkit
[000:013] Starting client channel.
[000:014] Read port file, port=37562
[000:015] Initiated connection to GoogleTalkPlugin
[000:308] Warning(clientchannel.cc:556): Connection to GoogleTalkPlugin failed, reason=111
[000:308] Warning(clientchannel.cc:699): Stale port file; attempting to restart flute.
[001:312] Restarting GoogleTalkPlugin...
[001:312] Warning(optionsfile.cc:47): Load: Could not open file, err=2
[001:312] Warning(pluginutils.cc:268): Failed to get GoogleTalkPlugin path. Trying default.
[001:316] Started GoogleTalkPlugin, path=/opt/google/talkplugin/GoogleTalkPlugin
[001:317] Waiting for GoogleTalkPlugin to start...
[002:415] Attempting to connect to GoogleTalkPlugin...
[002:415] Read port file, port=54416
[002:417] Initiated connection to GoogleTalkPlugin
[002:516] Socket connection established
[002:516] ScheduleOnlineCheck: Online check in 5000ms
[002:616] Got cookie response, socket is authorized
[002:616] AUTHORIZED; socket handshake complete
[007:527] HandleOnlineCheck: Starting check
[007:527] HandleOnlineCheck: OK; current state: 3
